{"level":"warn","message":"Noooo","service":"user-service"}
{"level":"warn","message":"Noooo","service":"user-service"}
{"level":"warn","message":"Noooo","service":"user-service"}
{"level":"warn","message":"Noooo","service":"user-service"}
{"level":"warn","message":"Noooo","service":"user-service"}
{"level":"warn","message":"Noooo","service":"user-service"}
{"level":"warn","message":"Noooo","service":"user-service"}
{"level":"warn","message":"Noooo","service":"user-service"}
{"level":"warn","message":"Noooo","service":"user-service"}
{"level":"warn","message":"Noooo","service":"user-service"}
{"level":"warn","message":"Noooo","service":"user-service"}
{"level":"warn","message":"Noooo","service":"user-service"}
{"level":"warn","message":"Noooo","service":"user-service"}
{"level":"warn","message":"Noooo","service":"user-service"}
{"level":"info","message":"Funcion ejecutandose de manera conforme","service":"user-service"}
{"level":"info","message":"Funcion ejecutandose de manera conforme","service":"user-service"}
{"level":"info","message":"Funcion ejecutandose de manera conforme","service":"user-service"}
{"level":"info","message":"Funcion ejecutandose de manera conforme","service":"user-service"}
{"level":"info","message":"Funcion ejecutandose de manera conforme","service":"user-service"}
{"level":"info","message":"Funcion ejecutandose de manera conforme","service":"user-service"}
{"level":"info","message":"Funcion ejecutandose de manera conforme","service":"user-service"}
{"level":"info","message":"Funcion ejecutandose de manera conforme","service":"user-service"}
{"level":"info","message":"Funcion ejecutandose de manera conforme","service":"user-service"}
{"level":"error","message":"","service":"user-service"}
{"level":"info","message":"Funcion ejecutandose de manera conforme","service":"user-service"}
{"level":"error","message":"","service":"user-service"}
{"level":"info","message":"Funcion ejecutandose de manera conforme","service":"user-service"}
{"level":"error","message":"E","service":"user-service"}
{"level":"info","message":"Funcion ejecutandose de manera conforme","service":"user-service"}
{"level":"error","message":"El","service":"user-service"}
{"level":"info","message":"Funcion ejecutandose de manera conforme","service":"user-service"}
{"level":"error","message":"El ","service":"user-service"}
{"level":"info","message":"Funcion ejecutandose de manera conforme","service":"user-service"}
{"level":"error","message":"El v","service":"user-service"}
{"level":"info","message":"Funcion ejecutandose de manera conforme","service":"user-service"}
{"level":"error","message":"El val","service":"user-service"}
{"level":"info","message":"Funcion ejecutandose de manera conforme","service":"user-service"}
{"level":"error","message":"El valor","service":"user-service"}
{"level":"info","message":"Funcion ejecutandose de manera conforme","service":"user-service"}
{"level":"error","message":"El valor ","service":"user-service"}
{"level":"info","message":"Funcion ejecutandose de manera conforme","service":"user-service"}
{"level":"error","message":"El valor n","service":"user-service"}
{"level":"info","message":"Funcion ejecutandose de manera conforme","service":"user-service"}
{"level":"error","message":"El valor no","service":"user-service"}
{"level":"info","message":"Funcion ejecutandose de manera conforme","service":"user-service"}
{"level":"error","message":"El valor no ","service":"user-service"}
{"level":"info","message":"Funcion ejecutandose de manera conforme","service":"user-service"}
{"level":"error","message":"El valor no e","service":"user-service"}
{"level":"info","message":"Funcion ejecutandose de manera conforme","service":"user-service"}
{"level":"error","message":"El valor no es","service":"user-service"}
{"level":"info","message":"Funcion ejecutandose de manera conforme","service":"user-service"}
{"level":"error","message":"El valor no es el","service":"user-service"}
{"level":"info","message":"Funcion ejecutandose de manera conforme","service":"user-service"}
{"level":"error","message":"El valor no es el co","service":"user-service"}
{"level":"info","message":"Funcion ejecutandose de manera conforme","service":"user-service"}
{"level":"error","message":"El valor no es el cor","service":"user-service"}
{"level":"info","message":"Funcion ejecutandose de manera conforme","service":"user-service"}
{"level":"error","message":"El valor no es el corr","service":"user-service"}
{"level":"info","message":"Funcion ejecutandose de manera conforme","service":"user-service"}
{"level":"error","message":"El valor no es el corre","service":"user-service"}
{"level":"info","message":"Funcion ejecutandose de manera conforme","service":"user-service"}
{"level":"error","message":"El valor no es el corresp","service":"user-service"}
{"level":"info","message":"Funcion ejecutandose de manera conforme","service":"user-service"}
{"level":"error","message":"El valor no es el correspo","service":"user-service"}
{"level":"info","message":"Funcion ejecutandose de manera conforme","service":"user-service"}
{"level":"error","message":"El valor no es el corresp","service":"user-service"}
{"level":"info","message":"Funcion ejecutandose de manera conforme","service":"user-service"}
{"level":"error","message":"El valor no es ","service":"user-service"}
{"level":"info","message":"Funcion ejecutandose de manera conforme","service":"user-service"}
{"level":"error","message":"El valor no es","service":"user-service"}
{"level":"info","message":"Funcion ejecutandose de manera conforme","service":"user-service"}
{"level":"error","message":"El valor no e","service":"user-service"}
{"level":"info","message":"Funcion ejecutandose de manera conforme","service":"user-service"}
{"level":"error","message":"El valor no ","service":"user-service"}
{"level":"info","message":"Funcion ejecutandose de manera conforme","service":"user-service"}
{"level":"error","message":"El valor no","service":"user-service"}
{"level":"info","message":"Funcion ejecutandose de manera conforme","service":"user-service"}
{"level":"error","message":"El valor n","service":"user-service"}
{"level":"info","message":"Funcion ejecutandose de manera conforme","service":"user-service"}
{"level":"error","message":"El valor ","service":"user-service"}
{"level":"info","message":"Funcion ejecutandose de manera conforme","service":"user-service"}
{"level":"error","message":"El valor","service":"user-service"}
{"level":"info","message":"Funcion ejecutandose de manera conforme","service":"user-service"}
{"level":"error","message":"El valo","service":"user-service"}
{"level":"info","message":"Funcion ejecutandose de manera conforme","service":"user-service"}
{"level":"error","message":"El val","service":"user-service"}
{"level":"info","message":"Funcion ejecutandose de manera conforme","service":"user-service"}
{"level":"error","message":"El va","service":"user-service"}
{"level":"info","message":"Funcion ejecutandose de manera conforme","service":"user-service"}
{"level":"error","message":"El v","service":"user-service"}
{"level":"info","message":"Funcion ejecutandose de manera conforme","service":"user-service"}
{"level":"error","message":"El ","service":"user-service"}
{"level":"info","message":"Funcion ejecutandose de manera conforme","service":"user-service"}
{"level":"error","message":"El","service":"user-service"}
{"level":"info","message":"Funcion ejecutandose de manera conforme","service":"user-service"}
{"level":"error","message":"E","service":"user-service"}
{"level":"info","message":"Funcion ejecutandose de manera conforme","service":"user-service"}
{"level":"error","message":"","service":"user-service"}
{"level":"info","message":"Funcion ejecutandose de manera conforme","service":"user-service"}
{"level":"error","message":"N","service":"user-service"}
{"level":"info","message":"Funcion ejecutandose de manera conforme","service":"user-service"}
{"level":"error","message":"NA","service":"user-service"}
{"level":"info","message":"Funcion ejecutandose de manera conforme","service":"user-service"}
{"level":"error","message":"N","service":"user-service"}
{"level":"info","message":"Funcion ejecutandose de manera conforme","service":"user-service"}
{"level":"error","message":"Na","service":"user-service"}
{"level":"info","message":"Funcion ejecutandose de manera conforme","service":"user-service"}
{"level":"error","message":"Nan","service":"user-service"}
{"level":"info","message":"Funcion ejecutandose de manera conforme","service":"user-service"}
{"level":"error","message":"Nana","service":"user-service"}
{"level":"info","message":"Funcion ejecutandose de manera conforme","service":"user-service"}
{"level":"error","message":"Nanan","service":"user-service"}
{"level":"info","message":"Funcion ejecutandose de manera conforme","service":"user-service"}
{"level":"error","message":"Nanana","service":"user-service"}
{"level":"info","message":"Funcion ejecutandose de manera conforme","service":"user-service"}
{"level":"error","message":"Nanana ","service":"user-service"}
{"level":"info","message":"Funcion ejecutandose de manera conforme","service":"user-service"}
{"level":"error","message":"Nanana t","service":"user-service"}
{"level":"info","message":"Funcion ejecutandose de manera conforme","service":"user-service"}
{"level":"error","message":"Nanana te ","service":"user-service"}
{"level":"info","message":"Funcion ejecutandose de manera conforme","service":"user-service"}
{"level":"error","message":"Nanana te ma","service":"user-service"}
{"level":"info","message":"Funcion ejecutandose de manera conforme","service":"user-service"}
{"level":"error","message":"Nanana te mand","service":"user-service"}
{"level":"info","message":"Funcion ejecutandose de manera conforme","service":"user-service"}
{"level":"error","message":"Nanana te mandas","service":"user-service"}
{"level":"info","message":"Funcion ejecutandose de manera conforme","service":"user-service"}
{"level":"error","message":"Nanana te mandaste","service":"user-service"}
{"level":"info","message":"Funcion ejecutandose de manera conforme","service":"user-service"}
{"level":"error","message":"Nanana te mandaste ","service":"user-service"}
{"level":"info","message":"Funcion ejecutandose de manera conforme","service":"user-service"}
{"level":"error","message":"Nanana te mandaste cu","service":"user-service"}
{"level":"info","message":"Funcion ejecutandose de manera conforme","service":"user-service"}
{"level":"error","message":"Nanana te mandaste cua","service":"user-service"}
{"level":"info","message":"Funcion ejecutandose de manera conforme","service":"user-service"}
{"level":"error","message":"Nanana te mandaste cual","service":"user-service"}
{"level":"info","message":"Funcion ejecutandose de manera conforme","service":"user-service"}
{"level":"error","message":"Nanana te mandaste cualq","service":"user-service"}
{"level":"info","message":"Funcion ejecutandose de manera conforme","service":"user-service"}
{"level":"error","message":"Nanana te mandaste cualqu","service":"user-service"}
{"level":"info","message":"Funcion ejecutandose de manera conforme","service":"user-service"}
{"level":"error","message":"Nanana te mandaste cualquioe","service":"user-service"}
{"level":"info","message":"Funcion ejecutandose de manera conforme","service":"user-service"}
{"level":"error","message":"Nanana te mandaste cualquioer","service":"user-service"}
{"level":"info","message":"Funcion ejecutandose de manera conforme","service":"user-service"}
{"level":"error","message":"Nanana te mandaste cualquioe","service":"user-service"}
{"level":"info","message":"Funcion ejecutandose de manera conforme","service":"user-service"}
{"level":"error","message":"","service":"user-service"}
{"level":"info","message":"Funcion ejecutandose de manera conforme","service":"user-service"}
{"level":"error","message":1,"service":"user-service"}
{"level":"info","message":"Funcion ejecutandose de manera conforme","service":"user-service"}
{"level":"error","message":"","service":"user-service"}
{"level":"info","message":"Funcion ejecutandose de manera conforme","service":"user-service"}
{"level":"error","message":"","service":"user-service"}
{"level":"info","message":"Funcion ejecutandose de manera conforme","service":"user-service"}
{"level":"error","message":"N","service":"user-service"}
{"level":"info","message":"Funcion ejecutandose de manera conforme","service":"user-service"}
{"level":"error","message":"Na","service":"user-service"}
{"level":"info","message":"Funcion ejecutandose de manera conforme","service":"user-service"}
{"level":"error","message":"Nan","service":"user-service"}
{"level":"info","message":"Funcion ejecutandose de manera conforme","service":"user-service"}
{"level":"error","message":"Nana","service":"user-service"}
{"level":"info","message":"Funcion ejecutandose de manera conforme","service":"user-service"}
{"level":"error","message":"Nanana","service":"user-service"}
{"level":"info","message":"Funcion ejecutandose de manera conforme","service":"user-service"}
{"level":"error","message":"Nanana ","service":"user-service"}
{"level":"info","message":"Funcion ejecutandose de manera conforme","service":"user-service"}
{"level":"error","message":"Nanana t","service":"user-service"}
{"level":"info","message":"Funcion ejecutandose de manera conforme","service":"user-service"}
{"level":"error","message":"Nanana te ","service":"user-service"}
{"level":"info","message":"Funcion ejecutandose de manera conforme","service":"user-service"}
{"level":"error","message":"Nanana te ma","service":"user-service"}
{"level":"info","message":"Funcion ejecutandose de manera conforme","service":"user-service"}
{"level":"error","message":"Nanana te mandas","service":"user-service"}
{"level":"info","message":"Funcion ejecutandose de manera conforme","service":"user-service"}
{"level":"error","message":"Nanana te mandaste","service":"user-service"}
{"level":"info","message":"Funcion ejecutandose de manera conforme","service":"user-service"}
{"level":"error","message":"Nanana te mandaste ","service":"user-service"}
{"level":"info","message":"Funcion ejecutandose de manera conforme","service":"user-service"}
{"level":"error","message":"Nanana te mandaste cu","service":"user-service"}
{"level":"info","message":"Funcion ejecutandose de manera conforme","service":"user-service"}
{"level":"error","message":"Nanana te mandaste cua","service":"user-service"}
{"level":"info","message":"Funcion ejecutandose de manera conforme","service":"user-service"}
{"level":"error","message":"Nanana te mandaste cualq","service":"user-service"}
{"level":"info","message":"Funcion ejecutandose de manera conforme","service":"user-service"}
{"level":"error","message":"Nanana te mandaste cualqu","service":"user-service"}
{"level":"info","message":"Funcion ejecutandose de manera conforme","service":"user-service"}
{"level":"error","message":"Nanana te mandaste cualquie","service":"user-service"}
{"level":"info","message":"Funcion ejecutandose de manera conforme","service":"user-service"}
{"level":"error","message":"Nanana te mandaste cualquier","service":"user-service"}
{"level":"info","message":"Funcion ejecutandose de manera conforme","service":"user-service"}
{"level":"error","message":"Nanana te mandaste cualquiera","service":"user-service"}
{"level":"info","message":"Funcion ejecutandose de manera conforme","service":"user-service"}
{"level":"error","message":"Nanana te mandaste cualquiera:","service":"user-service"}
{"level":"info","message":"Funcion ejecutandose de manera conforme","service":"user-service"}
{"level":"error","message":"Nanana te mandaste cualquiera: ","service":"user-service"}
{"level":"info","message":"Funcion ejecutandose de manera conforme","service":"user-service"}
{"level":"error","message":"Nanana te mandaste cualquiera: $","service":"user-service"}
{"level":"info","message":"Funcion ejecutandose de manera conforme","service":"user-service"}
{"level":"error","message":"Nanana te mandaste cualquiera: Error: Por favor ingrese un nombre valido","service":"user-service"}
{"level":"info","message":"Funcion ejecutandose de manera conforme","service":"user-service"}
{"level":"error","message":"Nanana te mandaste cualquiera: Error: Por favor ingrese un nombre valido","service":"user-service"}
{"level":"info","message":"Funcion ejecutandose de manera conforme","service":"user-service"}
{"level":"error","message":"Nanana te mandaste cualquiera: Error: Por favor ingrese un nombre valido","service":"user-service"}
{"level":"info","message":"Funcion ejecutandose de manera conforme","service":"user-service"}
{"level":"error","message":"Nanana te mandaste cualquiera: Error: Por favor ingrese un nombre valido","service":"user-service"}
{"level":"info","message":"Funcion ejecutandose de manera conforme","service":"user-service"}
{"level":"error","message":"Nanana te mandaste cualquiera: Error: Por favor ingrese un nombre valido","service":"user-service"}
{"level":"info","message":"Funcion ejecutandose de manera conforme","service":"user-service"}
{"level":"error","message":"Nanana te mandaste cualquiera: Error: Por favor ingrese un nombre valido","service":"user-service"}
{"level":"info","message":"Funcion ejecutandose de manera conforme","service":"user-service"}
{"level":"error","message":"Nanana te mandaste cualquiera: Error: Por favor ingrese un nombre valido","service":"user-service"}
{"level":"info","message":"Funcion ejecutandose de manera conforme","service":"user-service"}
{"level":"error","message":"Nanana te mandaste cualquiera: Error: Por favor ingrese un nombre valido","service":"user-service"}
{"level":"info","message":"Funcion ejecutandose de manera conforme","service":"user-service"}
{"level":"error","message":"Nanana te mandaste cualquiera: Error: Por favor ingrese un nombre valido","service":"user-service"}
{"level":"info","message":"Funcion ejecutandose de manera conforme","service":"user-service"}
{"level":"error","message":"Nanana te mandaste cualquiera: Error: Por favor ingrese un nombre valido","service":"user-service"}
{"level":"info","message":"Funcion ejecutandose de manera conforme","service":"user-service"}
{"level":"error","message":"Nanana te mandaste cualquiera: Error: Por favor ingrese un nombre valido","service":"user-service"}
{"level":"info","message":"Funcion ejecutandose de manera conforme","service":"user-service"}
{"level":"error","message":"Nanana te mandaste cualquiera: Error: Por favor ingrese un nombre valido","service":"user-service"}
{"level":"info","message":"Funcion ejecutandose de manera conforme","service":"user-service"}
{"level":"error","message":"Nanana te mandaste cualquiera: Error: Por favor ingrese un nombre valido","service":"user-service"}
{"level":"info","message":"Funcion ejecutandose de manera conforme","service":"user-service"}
{"level":"error","message":"Nanana te mandaste cualquiera: Error: Por favor ingrese un nombre valido","service":"user-service"}
{"level":"info","message":"Funcion ejecutandose de manera conforme","service":"user-service"}
{"level":"error","message":"Nanana te mandaste cualquiera: Error: Por favor ingrese un nombre valido","service":"user-service"}
{"level":"info","message":"Funcion ejecutandose de manera conforme","service":"user-service"}
{"level":"error","message":"Nanana te mandaste cualquiera: Error: Por favor ingrese un nombre valido","service":"user-service"}
{"level":"info","message":"Funcion ejecutandose de manera conforme","service":"user-service"}
{"level":"error","message":"Nanana te mandaste cualquiera: Error: Por favor ingrese un nombre valido","service":"user-service"}
{"level":"info","message":"Funcion ejecutandose de manera conforme","service":"user-service"}
{"level":"error","message":"Nanana te mandaste cualquiera: Error: Por favor ingrese un nombre valido","service":"user-service"}
{"level":"info","message":"Funcion ejecutandose de manera conforme","service":"user-service"}
{"level":"error","message":"Nanana te mandaste cualquiera: Error: Por favor ingrese un nombre valido","service":"user-service"}
{"level":"info","message":"Funcion ejecutandose de manera conforme","service":"user-service"}
{"level":"error","message":"Nanana te mandaste cualquiera: Error: Por favor ingrese un nombre valido","service":"user-service"}
{"level":"info","message":"Funcion ejecutandose de manera conforme","service":"user-service"}
{"level":"error","message":"Nanana te mandaste cualquiera: Error: Por favor ingrese un nombre valido","service":"user-service"}
{"level":"info","message":"Funcion ejecutandose de manera conforme","service":"user-service"}
{"level":"error","message":"Nanana te mandaste cualquiera: Error: Por favor ingrese un nombre valido","service":"user-service"}
{"level":"info","message":"Funcion ejecutandose de manera conforme","service":"user-service"}
{"level":"error","message":"Nanana te mandaste cualquiera: Error: Por favor ingrese un nombre valido","service":"user-service"}
{"level":"info","message":"Funcion ejecutandose de manera conforme","service":"user-service"}
{"level":"error","message":"Nanana te mandaste cualquiera: Error: Por favor ingrese un nombre valido","service":"user-service"}
{"level":"info","message":"Funcion ejecutandose de manera conforme","service":"user-service"}
{"level":"error","message":"Nanana te mandaste cualquiera: Error: Por favor ingrese un nombre valido","service":"user-service"}
{"level":"info","message":"Funcion ejecutandose de manera conforme","service":"user-service"}
{"level":"error","message":"Nanana te mandaste cualquiera: Error: Por favor ingrese un nombre valido","service":"user-service"}
{"level":"info","message":"Funcion ejecutandose de manera conforme","service":"user-service"}
{"level":"error","message":"Nanana te mandaste cualquiera: Error: Por favor ingrese un nombre valido","service":"user-service"}
{"level":"info","message":"Funcion ejecutandose de manera conforme","service":"user-service"}
{"level":"error","message":"Nanana te mandaste cualquiera: Error: Por favor ingrese un nombre valido","service":"user-service"}
{"level":"info","message":"Funcion ejecutandose de manera conforme","service":"user-service"}
{"level":"error","message":"Nanana te mandaste cualquiera: Error: Por favor ingrese un nombre valido","service":"user-service"}
{"level":"info","message":"Funcion ejecutandose de manera conforme","service":"user-service"}
{"level":"error","message":"Nanana te mandaste cualquiera: Error: Por favor ingrese un nombre valido","service":"user-service"}
{"level":"info","message":"Funcion ejecutandose de manera conforme","service":"user-service"}
{"level":"error","message":"Nanana te mandaste cualquiera: Error: Por favor ingrese un nombre valido","service":"user-service"}
{"level":"info","message":"Funcion ejecutandose de manera conforme","service":"user-service"}
{"level":"error","message":"Nanana te mandaste cualquiera: Error: Por favor ingrese un nombre valido","service":"user-service"}
{"level":"info","message":"Funcion ejecutandose de manera conforme","service":"user-service"}
{"level":"error","message":"Nanana te mandaste cualquiera: Error: Por favor ingrese un nombre valido","service":"user-service"}
{"level":"info","message":"Funcion ejecutandose de manera conforme","service":"user-service"}
{"level":"error","message":"Nanana te mandaste cualquiera: Error: Por favor ingrese un nombre valido","service":"user-service"}
{"level":"info","message":"Funcion ejecutandose de manera conforme","service":"user-service"}
{"level":"error","message":"Nanana te mandaste cualquiera: Error: Por favor ingrese un nombre valido","service":"user-service"}
{"level":"info","message":"Funcion ejecutandose de manera conforme","service":"user-service"}
{"level":"error","message":"Nanana te mandaste cualquiera: Error: Por favor ingrese un nombre valido","service":"user-service"}
{"level":"info","message":"Funcion ejecutandose de manera conforme","service":"user-service"}
{"level":"error","message":"Nanana te mandaste cualquiera: Error: Por favor ingrese un nombre valido","service":"user-service"}
{"level":"info","message":"Funcion ejecutandose de manera conforme","service":"user-service"}
{"level":"error","message":"Nanana te mandaste cualquiera: Error: Por favor ingrese un nombre valido","service":"user-service"}
{"level":"info","message":"Funcion ejecutandose de manera conforme","service":"user-service"}
{"level":"error","message":"Nanana te mandaste cualquiera: Error: Por favor ingrese un nombre valido","service":"user-service"}
{"level":"info","message":"Funcion ejecutandose de manera conforme","service":"user-service"}
{"level":"error","message":"Nanana te mandaste cualquiera: Error: Por favor ingrese un nombre valido","service":"user-service"}
{"level":"info","message":"Funcion ejecutandose de manera conforme","service":"user-service"}
{"level":"error","message":"Nanana te mandaste cualquiera: Error: Por favor ingrese un nombre valido","service":"user-service"}
{"level":"info","message":"Funcion ejecutandose de manera conforme","service":"user-service"}
{"level":"error","message":"Nanana te mandaste cualquiera: Error: Por favor ingrese un nombre valido","service":"user-service"}
{"level":"info","message":"Funcion ejecutandose de manera conforme","service":"user-service"}
{"level":"error","message":"Nanana te mandaste cualquiera: Error: Por favor ingrese un nombre valido","service":"user-service"}
{"level":"info","message":"Funcion ejecutandose de manera conforme","service":"user-service"}
{"level":"error","message":"Nanana te mandaste cualquiera: Error: Por favor ingrese un nombre valido","service":"user-service"}
{"level":"info","message":"Funcion ejecutandose de manera conforme","service":"user-service"}
{"level":"error","message":"Nanana te mandaste cualquiera: Error: Por favor ingrese un nombre valido","service":"user-service"}
{"level":"info","message":"Funcion ejecutandose de manera conforme","service":"user-service"}
{"level":"error","message":"Nanana te mandaste cualquiera: Error: Por favor ingrese un nombre valido","service":"user-service"}
{"level":"info","message":"Funcion ejecutandose de manera conforme","service":"user-service"}
{"level":"error","message":"Nanana te mandaste cualquiera: Error: Por favor ingrese un nombre valido","service":"user-service"}
{"level":"info","message":"Funcion ejecutandose de manera conforme","service":"user-service"}
{"level":"error","message":"Nanana te mandaste cualquiera: Error: Por favor ingrese un nombre valido","service":"user-service"}
{"level":"info","message":"Funcion ejecutandose de manera conforme","service":"user-service"}
{"level":"error","message":"Nanana te mandaste cualquiera: Error: Por favor ingrese un nombre valido","service":"user-service"}
{"level":"info","message":"Funcion ejecutandose de manera conforme","service":"user-service"}
{"level":"error","message":"Nanana te mandaste cualquiera: Error: Por favor ingrese un nombre valido","service":"user-service"}
{"level":"info","message":"Funcion ejecutandose de manera conforme","service":"user-service"}
{"level":"info","message":"Funcion ejecutandose de manera conforme","service":"user-service"}
{"level":"info","message":"Funcion ejecutandose de manera conforme","service":"user-service"}
{"level":"info","message":"Funcion ejecutandose de manera conforme","service":"user-service"}
{"level":"info","message":"Funcion ejecutandose de manera conforme","service":"user-service"}
{"level":"info","message":"Funcion ejecutandose de manera conforme","service":"user-service"}
{"level":"info","message":"Funcion ejecutandose de manera conforme","service":"user-service"}
{"level":"info","message":"Funcion ejecutandose de manera conforme","service":"user-service"}
{"level":"info","message":"Funcion ejecutandose de manera conforme","service":"user-service"}
{"level":"info","message":"Funcion ejecutandose de manera conforme","service":"user-service"}
{"level":"info","message":"Funcion ejecutandose de manera conforme","service":"user-service"}
{"level":"info","message":"Funcion ejecutandose de manera conforme","service":"user-service"}
{"level":"info","message":"Funcion ejecutandose de manera conforme","service":"user-service"}
{"level":"info","message":"Funcion ejecutandose de manera conforme","service":"user-service"}
{"level":"info","message":"Funcion ejecutandose de manera conforme","service":"user-service"}
{"level":"info","message":"Funcion ejecutandose de manera conforme","service":"user-service"}
{"level":"info","message":"Programa finalizado","service":"user-service"}
